<?xml version="1.0" encoding="UTF-8"?>
<!-- Generated by org.testng.reporters.JUnitReportReporter -->
<testsuite skipped="0" hostname="DESKTOP-625I559" name="com.acceptmission.scripts.MSignUpTest" tests="1" failures="0" timestamp="11 Apr 2019 18:05:16 GMT" time="36.149" errors="0">
  <testcase name="validSignUp" time="36.149" classname="com.acceptmission.scripts.MSignUpTest"/>
</testsuite> <!-- com.acceptmission.scripts.MSignUpTest -->
